<?xml version="1.0" encoding="UTF-8"?>
<testng-results total="14" passed="14" failed="0" skipped="0">
  <reporter-output>
    <line>
      <![CDATA[onStart : before suite starts]]>
    </line>
    <line>
      <![CDATA[onStart : Sanity/Regression TESTs]]>
    </line>
    <line>
      <![CDATA[createProfile]]>
    </line>
    <line>
      <![CDATA[sanitylogin]]>
    </line>
    <line>
      <![CDATA[sanitylogout]]>
    </line>
    <line>
      <![CDATA[onTestStart : createProfile]]>
    </line>
    <line>
      <![CDATA[beforeInvocation : org.testng.internal.TestResult, createProfile]]>
    </line>
    <line>
      <![CDATA[afterInvocation : org.testng.internal.TestResult, createProfile]]>
    </line>
    <line>
      <![CDATA[onTestSuccess : createProfile]]>
    </line>
    <line>
      <![CDATA[onTestStart : sanitylogin]]>
    </line>
    <line>
      <![CDATA[beforeInvocation : org.testng.internal.TestResult, sanitylogin]]>
    </line>
    <line>
      <![CDATA[afterInvocation : org.testng.internal.TestResult, sanitylogin]]>
    </line>
    <line>
      <![CDATA[onTestSuccess : sanitylogin]]>
    </line>
    <line>
      <![CDATA[onTestStart : sanitylogout]]>
    </line>
    <line>
      <![CDATA[beforeInvocation : org.testng.internal.TestResult, sanitylogout]]>
    </line>
    <line>
      <![CDATA[afterInvocation : org.testng.internal.TestResult, sanitylogout]]>
    </line>
    <line>
      <![CDATA[onTestSuccess : sanitylogout]]>
    </line>
    <line>
      <![CDATA[onFinish : Sanity/Regression TESTs]]>
    </line>
    <line>
      <![CDATA[onStart : TESTs]]>
    </line>
    <line>
      <![CDATA[jaggedArray]]>
    </line>
    <line>
      <![CDATA[test]]>
    </line>
    <line>
      <![CDATA[test]]>
    </line>
    <line>
      <![CDATA[test]]>
    </line>
    <line>
      <![CDATA[test]]>
    </line>
    <line>
      <![CDATA[onTestStart : jaggedArray]]>
    </line>
    <line>
      <![CDATA[beforeInvocation : org.testng.internal.TestResult, jaggedArray]]>
    </line>
    <line>
      <![CDATA[afterInvocation : org.testng.internal.TestResult, jaggedArray]]>
    </line>
    <line>
      <![CDATA[onTestSuccess : jaggedArray]]>
    </line>
    <line>
      <![CDATA[onTestStart : test]]>
    </line>
    <line>
      <![CDATA[beforeInvocation : org.testng.internal.TestResult, test]]>
    </line>
    <line>
      <![CDATA[afterInvocation : org.testng.internal.TestResult, test]]>
    </line>
    <line>
      <![CDATA[onTestSuccess : test]]>
    </line>
    <line>
      <![CDATA[onTestStart : test]]>
    </line>
    <line>
      <![CDATA[beforeInvocation : org.testng.internal.TestResult, test]]>
    </line>
    <line>
      <![CDATA[afterInvocation : org.testng.internal.TestResult, test]]>
    </line>
    <line>
      <![CDATA[onTestSuccess : test]]>
    </line>
    <line>
      <![CDATA[onTestStart : test]]>
    </line>
    <line>
      <![CDATA[beforeInvocation : org.testng.internal.TestResult, test]]>
    </line>
    <line>
      <![CDATA[afterInvocation : org.testng.internal.TestResult, test]]>
    </line>
    <line>
      <![CDATA[onTestSuccess : test]]>
    </line>
    <line>
      <![CDATA[onTestStart : test]]>
    </line>
    <line>
      <![CDATA[beforeInvocation : org.testng.internal.TestResult, test]]>
    </line>
    <line>
      <![CDATA[afterInvocation : org.testng.internal.TestResult, test]]>
    </line>
    <line>
      <![CDATA[onTestSuccess : test]]>
    </line>
    <line>
      <![CDATA[onFinish : TESTs]]>
    </line>
    <line>
      <![CDATA[onStart : Run Classes]]>
    </line>
    <line>
      <![CDATA[createProfile]]>
    </line>
    <line>
      <![CDATA[deleteProfile]]>
    </line>
    <line>
      <![CDATA[editProfile]]>
    </line>
    <line>
      <![CDATA[sanitylogin]]>
    </line>
    <line>
      <![CDATA[sanitylogout]]>
    </line>
    <line>
      <![CDATA[onTestStart : createProfile]]>
    </line>
    <line>
      <![CDATA[beforeInvocation : org.testng.internal.TestResult, createProfile]]>
    </line>
    <line>
      <![CDATA[afterInvocation : org.testng.internal.TestResult, createProfile]]>
    </line>
    <line>
      <![CDATA[onTestSuccess : createProfile]]>
    </line>
    <line>
      <![CDATA[onTestStart : deleteProfile]]>
    </line>
    <line>
      <![CDATA[beforeInvocation : org.testng.internal.TestResult, deleteProfile]]>
    </line>
    <line>
      <![CDATA[afterInvocation : org.testng.internal.TestResult, deleteProfile]]>
    </line>
    <line>
      <![CDATA[onTestSuccess : deleteProfile]]>
    </line>
    <line>
      <![CDATA[onTestStart : editProfile]]>
    </line>
    <line>
      <![CDATA[beforeInvocation : org.testng.internal.TestResult, editProfile]]>
    </line>
    <line>
      <![CDATA[afterInvocation : org.testng.internal.TestResult, editProfile]]>
    </line>
    <line>
      <![CDATA[onTestSuccess : editProfile]]>
    </line>
    <line>
      <![CDATA[onTestStart : sanitylogin]]>
    </line>
    <line>
      <![CDATA[beforeInvocation : org.testng.internal.TestResult, sanitylogin]]>
    </line>
    <line>
      <![CDATA[afterInvocation : org.testng.internal.TestResult, sanitylogin]]>
    </line>
    <line>
      <![CDATA[onTestSuccess : sanitylogin]]>
    </line>
    <line>
      <![CDATA[onTestStart : sanitylogout]]>
    </line>
    <line>
      <![CDATA[beforeInvocation : org.testng.internal.TestResult, sanitylogout]]>
    </line>
    <line>
      <![CDATA[afterInvocation : org.testng.internal.TestResult, sanitylogout]]>
    </line>
    <line>
      <![CDATA[onTestSuccess : sanitylogout]]>
    </line>
    <line>
      <![CDATA[onFinish : Run Classes]]>
    </line>
    <line>
      <![CDATA[onStart : MethodsTest]]>
    </line>
    <line>
      <![CDATA[fact]]>
    </line>
    <line>
      <![CDATA[onTestStart : fact]]>
    </line>
    <line>
      <![CDATA[beforeInvocation : org.testng.internal.TestResult, fact]]>
    </line>
    <line>
      <![CDATA[afterInvocation : org.testng.internal.TestResult, fact]]>
    </line>
    <line>
      <![CDATA[onTestSuccess : fact]]>
    </line>
    <line>
      <![CDATA[onFinish : MethodsTest]]>
    </line>
    <line>
      <![CDATA[onFinish : after suite completes]]>
    </line>
  </reporter-output>
  <suite started-at="2019-08-17T18:15:32Z" name="Smoke Test" finished-at="2019-08-17T18:15:32Z" duration-ms="113">
    <groups>
      <group name="Sanity">
        <method signature="SetOne.createProfile()[pri:0, instance:com.sidmukhe.testngtest.SetOne@6591f517]" name="createProfile" class="com.sidmukhe.testngtest.SetOne"/>
        <method signature="SetOne.sanitylogin()[pri:0, instance:com.sidmukhe.testngtest.SetOne@6591f517]" name="sanitylogin" class="com.sidmukhe.testngtest.SetOne"/>
        <method signature="SetOne.sanitylogout()[pri:0, instance:com.sidmukhe.testngtest.SetOne@6591f517]" name="sanitylogout" class="com.sidmukhe.testngtest.SetOne"/>
        <method signature="SetOne.createProfile()[pri:0, instance:com.sidmukhe.testngtest.SetOne@55040f2f]" name="createProfile" class="com.sidmukhe.testngtest.SetOne"/>
        <method signature="SetOne.sanitylogin()[pri:0, instance:com.sidmukhe.testngtest.SetOne@55040f2f]" name="sanitylogin" class="com.sidmukhe.testngtest.SetOne"/>
        <method signature="SetOne.sanitylogout()[pri:0, instance:com.sidmukhe.testngtest.SetOne@55040f2f]" name="sanitylogout" class="com.sidmukhe.testngtest.SetOne"/>
      </group> <!-- Sanity -->
      <group name="Regression">
        <method signature="SetOne.createProfile()[pri:0, instance:com.sidmukhe.testngtest.SetOne@6591f517]" name="createProfile" class="com.sidmukhe.testngtest.SetOne"/>
        <method signature="SetOne.sanitylogin()[pri:0, instance:com.sidmukhe.testngtest.SetOne@6591f517]" name="sanitylogin" class="com.sidmukhe.testngtest.SetOne"/>
        <method signature="SetOne.sanitylogout()[pri:0, instance:com.sidmukhe.testngtest.SetOne@6591f517]" name="sanitylogout" class="com.sidmukhe.testngtest.SetOne"/>
        <method signature="SetOne.createProfile()[pri:0, instance:com.sidmukhe.testngtest.SetOne@55040f2f]" name="createProfile" class="com.sidmukhe.testngtest.SetOne"/>
        <method signature="SetOne.deleteProfile()[pri:0, instance:com.sidmukhe.testngtest.SetOne@55040f2f]" name="deleteProfile" class="com.sidmukhe.testngtest.SetOne"/>
        <method signature="SetOne.editProfile()[pri:0, instance:com.sidmukhe.testngtest.SetOne@55040f2f]" name="editProfile" class="com.sidmukhe.testngtest.SetOne"/>
        <method signature="SetOne.sanitylogin()[pri:0, instance:com.sidmukhe.testngtest.SetOne@55040f2f]" name="sanitylogin" class="com.sidmukhe.testngtest.SetOne"/>
        <method signature="SetOne.sanitylogout()[pri:0, instance:com.sidmukhe.testngtest.SetOne@55040f2f]" name="sanitylogout" class="com.sidmukhe.testngtest.SetOne"/>
      </group> <!-- Regression -->
    </groups>
    <test started-at="2019-08-17T18:15:32Z" name="Sanity/Regression TESTs" finished-at="2019-08-17T18:15:32Z" duration-ms="27">
      <class name="com.sidmukhe.testngtest.SetOne">
        <test-method signature="createProfile()[pri:0, instance:com.sidmukhe.testngtest.SetOne@6591f517]" started-at="2019-08-17T23:45:32Z" name="createProfile" finished-at="2019-08-17T23:45:32Z" duration-ms="9" status="PASS">
          <reporter-output>
            <line>
              <![CDATA[afterInvocation : org.testng.internal.TestResult, createProfile]]>
            </line>
            <line>
              <![CDATA[onTestSuccess : createProfile]]>
            </line>
          </reporter-output>
        </test-method> <!-- createProfile -->
        <test-method signature="sanitylogin()[pri:0, instance:com.sidmukhe.testngtest.SetOne@6591f517]" started-at="2019-08-17T23:45:32Z" name="sanitylogin" finished-at="2019-08-17T23:45:32Z" duration-ms="1" status="PASS">
          <reporter-output>
            <line>
              <![CDATA[afterInvocation : org.testng.internal.TestResult, sanitylogin]]>
            </line>
            <line>
              <![CDATA[onTestSuccess : sanitylogin]]>
            </line>
          </reporter-output>
        </test-method> <!-- sanitylogin -->
        <test-method signature="sanitylogout()[pri:0, instance:com.sidmukhe.testngtest.SetOne@6591f517]" started-at="2019-08-17T23:45:32Z" name="sanitylogout" finished-at="2019-08-17T23:45:32Z" duration-ms="0" status="PASS">
          <reporter-output>
            <line>
              <![CDATA[afterInvocation : org.testng.internal.TestResult, sanitylogout]]>
            </line>
            <line>
              <![CDATA[onTestSuccess : sanitylogout]]>
            </line>
          </reporter-output>
        </test-method> <!-- sanitylogout -->
      </class> <!-- com.sidmukhe.testngtest.SetOne -->
    </test> <!-- Sanity/Regression TESTs -->
    <test started-at="2019-08-17T18:15:32Z" name="TESTs" finished-at="2019-08-17T18:15:32Z" duration-ms="7">
      <class name="com.sidmukhe.arrays.JaggedArray">
        <test-method signature="jaggedArray()[pri:0, instance:com.sidmukhe.arrays.JaggedArray@2ea6137]" started-at="2019-08-17T23:45:32Z" name="jaggedArray" finished-at="2019-08-17T23:45:32Z" duration-ms="1" status="PASS">
          <reporter-output>
            <line>
              <![CDATA[afterInvocation : org.testng.internal.TestResult, jaggedArray]]>
            </line>
            <line>
              <![CDATA[onTestSuccess : jaggedArray]]>
            </line>
          </reporter-output>
        </test-method> <!-- jaggedArray -->
        <test-method signature="test()[pri:0, instance:com.sidmukhe.arrays.JaggedArray@2ea6137]" started-at="2019-08-17T23:45:32Z" name="test" finished-at="2019-08-17T23:45:32Z" duration-ms="0" status="PASS">
          <reporter-output>
            <line>
              <![CDATA[afterInvocation : org.testng.internal.TestResult, test]]>
            </line>
            <line>
              <![CDATA[onTestSuccess : test]]>
            </line>
          </reporter-output>
        </test-method> <!-- test -->
      </class> <!-- com.sidmukhe.arrays.JaggedArray -->
      <class name="com.sidmukhe.arrays.LargestNumberfromArray">
        <test-method signature="test()[pri:0, instance:com.sidmukhe.arrays.LargestNumberfromArray@41ee392b]" started-at="2019-08-17T23:45:32Z" name="test" finished-at="2019-08-17T23:45:32Z" duration-ms="1" status="PASS">
          <reporter-output>
            <line>
              <![CDATA[afterInvocation : org.testng.internal.TestResult, test]]>
            </line>
            <line>
              <![CDATA[onTestSuccess : test]]>
            </line>
          </reporter-output>
        </test-method> <!-- test -->
      </class> <!-- com.sidmukhe.arrays.LargestNumberfromArray -->
      <class name="com.sidmukhe.arrays.SortnReverseArray">
        <test-method signature="test()[pri:0, instance:com.sidmukhe.arrays.SortnReverseArray@1e67a849]" started-at="2019-08-17T23:45:32Z" name="test" finished-at="2019-08-17T23:45:32Z" duration-ms="2" status="PASS">
          <reporter-output>
            <line>
              <![CDATA[afterInvocation : org.testng.internal.TestResult, test]]>
            </line>
            <line>
              <![CDATA[onTestSuccess : test]]>
            </line>
          </reporter-output>
        </test-method> <!-- test -->
      </class> <!-- com.sidmukhe.arrays.SortnReverseArray -->
      <class name="com.sidmukhe.arrays.MissingElementsArray">
        <test-method signature="test()[pri:0, instance:com.sidmukhe.arrays.MissingElementsArray@4c40b76e]" started-at="2019-08-17T23:45:32Z" name="test" finished-at="2019-08-17T23:45:32Z" duration-ms="2" status="PASS">
          <reporter-output>
            <line>
              <![CDATA[afterInvocation : org.testng.internal.TestResult, test]]>
            </line>
            <line>
              <![CDATA[onTestSuccess : test]]>
            </line>
          </reporter-output>
        </test-method> <!-- test -->
      </class> <!-- com.sidmukhe.arrays.MissingElementsArray -->
    </test> <!-- TESTs -->
    <test started-at="2019-08-17T18:15:32Z" name="Run Classes" finished-at="2019-08-17T18:15:32Z" duration-ms="3">
      <class name="com.sidmukhe.testngtest.SetOne">
        <test-method signature="createProfile()[pri:0, instance:com.sidmukhe.testngtest.SetOne@55040f2f]" started-at="2019-08-17T23:45:32Z" name="createProfile" finished-at="2019-08-17T23:45:32Z" duration-ms="1" status="PASS">
          <reporter-output>
            <line>
              <![CDATA[afterInvocation : org.testng.internal.TestResult, createProfile]]>
            </line>
            <line>
              <![CDATA[onTestSuccess : createProfile]]>
            </line>
          </reporter-output>
        </test-method> <!-- createProfile -->
        <test-method signature="deleteProfile()[pri:0, instance:com.sidmukhe.testngtest.SetOne@55040f2f]" started-at="2019-08-17T23:45:32Z" name="deleteProfile" finished-at="2019-08-17T23:45:32Z" duration-ms="0" status="PASS">
          <reporter-output>
            <line>
              <![CDATA[afterInvocation : org.testng.internal.TestResult, deleteProfile]]>
            </line>
            <line>
              <![CDATA[onTestSuccess : deleteProfile]]>
            </line>
          </reporter-output>
        </test-method> <!-- deleteProfile -->
        <test-method signature="sanitylogin()[pri:0, instance:com.sidmukhe.testngtest.SetOne@55040f2f]" started-at="2019-08-17T23:45:32Z" name="sanitylogin" finished-at="2019-08-17T23:45:32Z" duration-ms="1" status="PASS">
          <reporter-output>
            <line>
              <![CDATA[afterInvocation : org.testng.internal.TestResult, sanitylogin]]>
            </line>
            <line>
              <![CDATA[onTestSuccess : sanitylogin]]>
            </line>
          </reporter-output>
        </test-method> <!-- sanitylogin -->
        <test-method signature="editProfile()[pri:0, instance:com.sidmukhe.testngtest.SetOne@55040f2f]" started-at="2019-08-17T23:45:32Z" name="editProfile" finished-at="2019-08-17T23:45:32Z" duration-ms="0" status="PASS">
          <reporter-output>
            <line>
              <![CDATA[afterInvocation : org.testng.internal.TestResult, editProfile]]>
            </line>
            <line>
              <![CDATA[onTestSuccess : editProfile]]>
            </line>
          </reporter-output>
        </test-method> <!-- editProfile -->
        <test-method signature="sanitylogout()[pri:0, instance:com.sidmukhe.testngtest.SetOne@55040f2f]" started-at="2019-08-17T23:45:32Z" name="sanitylogout" finished-at="2019-08-17T23:45:32Z" duration-ms="0" status="PASS">
          <reporter-output>
            <line>
              <![CDATA[afterInvocation : org.testng.internal.TestResult, sanitylogout]]>
            </line>
            <line>
              <![CDATA[onTestSuccess : sanitylogout]]>
            </line>
          </reporter-output>
        </test-method> <!-- sanitylogout -->
      </class> <!-- com.sidmukhe.testngtest.SetOne -->
    </test> <!-- Run Classes -->
    <test started-at="2019-08-17T18:15:32Z" name="MethodsTest" finished-at="2019-08-17T18:15:32Z" duration-ms="1">
      <class name="com.sidmukhe.testngtest.SetThree">
        <test-method signature="fact()[pri:0, instance:com.sidmukhe.testngtest.SetThree@52aa2946]" started-at="2019-08-17T23:45:32Z" name="fact" finished-at="2019-08-17T23:45:32Z" duration-ms="0" status="PASS">
          <reporter-output>
            <line>
              <![CDATA[afterInvocation : org.testng.internal.TestResult, fact]]>
            </line>
            <line>
              <![CDATA[onTestSuccess : fact]]>
            </line>
          </reporter-output>
        </test-method> <!-- fact -->
      </class> <!-- com.sidmukhe.testngtest.SetThree -->
    </test> <!-- MethodsTest -->
  </suite> <!-- Smoke Test -->
</testng-results>
