<?xml version="1.0" encoding="UTF-8"?>
<testng-results total="9" passed="9" failed="0" skipped="0">
  <reporter-output>
    <line>
      <![CDATA[onStart : before suite starts]]>
    </line>
    <line>
      <![CDATA[onStart : Sanity/Regression TESTs]]>
    </line>
    <line>
      <![CDATA[createProfile]]>
    </line>
    <line>
      <![CDATA[sanitylogin]]>
    </line>
    <line>
      <![CDATA[sanitylogout]]>
    </line>
    <line>
      <![CDATA[onTestStart : createProfile]]>
    </line>
    <line>
      <![CDATA[beforeInvocation : org.testng.internal.TestResult, createProfile]]>
    </line>
    <line>
      <![CDATA[afterInvocation : org.testng.internal.TestResult, createProfile]]>
    </line>
    <line>
      <![CDATA[onTestSuccess : createProfile]]>
    </line>
    <line>
      <![CDATA[onTestStart : sanitylogin]]>
    </line>
    <line>
      <![CDATA[beforeInvocation : org.testng.internal.TestResult, sanitylogin]]>
    </line>
    <line>
      <![CDATA[afterInvocation : org.testng.internal.TestResult, sanitylogin]]>
    </line>
    <line>
      <![CDATA[onTestSuccess : sanitylogin]]>
    </line>
    <line>
      <![CDATA[onTestStart : sanitylogout]]>
    </line>
    <line>
      <![CDATA[beforeInvocation : org.testng.internal.TestResult, sanitylogout]]>
    </line>
    <line>
      <![CDATA[afterInvocation : org.testng.internal.TestResult, sanitylogout]]>
    </line>
    <line>
      <![CDATA[onTestSuccess : sanitylogout]]>
    </line>
    <line>
      <![CDATA[onFinish : Sanity/Regression TESTs]]>
    </line>
    <line>
      <![CDATA[onStart : Run Classes]]>
    </line>
    <line>
      <![CDATA[createProfile]]>
    </line>
    <line>
      <![CDATA[deleteProfile]]>
    </line>
    <line>
      <![CDATA[editProfile]]>
    </line>
    <line>
      <![CDATA[sanitylogin]]>
    </line>
    <line>
      <![CDATA[sanitylogout]]>
    </line>
    <line>
      <![CDATA[onTestStart : createProfile]]>
    </line>
    <line>
      <![CDATA[beforeInvocation : org.testng.internal.TestResult, createProfile]]>
    </line>
    <line>
      <![CDATA[afterInvocation : org.testng.internal.TestResult, createProfile]]>
    </line>
    <line>
      <![CDATA[onTestSuccess : createProfile]]>
    </line>
    <line>
      <![CDATA[onTestStart : deleteProfile]]>
    </line>
    <line>
      <![CDATA[beforeInvocation : org.testng.internal.TestResult, deleteProfile]]>
    </line>
    <line>
      <![CDATA[afterInvocation : org.testng.internal.TestResult, deleteProfile]]>
    </line>
    <line>
      <![CDATA[onTestSuccess : deleteProfile]]>
    </line>
    <line>
      <![CDATA[onTestStart : editProfile]]>
    </line>
    <line>
      <![CDATA[beforeInvocation : org.testng.internal.TestResult, editProfile]]>
    </line>
    <line>
      <![CDATA[afterInvocation : org.testng.internal.TestResult, editProfile]]>
    </line>
    <line>
      <![CDATA[onTestSuccess : editProfile]]>
    </line>
    <line>
      <![CDATA[onTestStart : sanitylogin]]>
    </line>
    <line>
      <![CDATA[beforeInvocation : org.testng.internal.TestResult, sanitylogin]]>
    </line>
    <line>
      <![CDATA[afterInvocation : org.testng.internal.TestResult, sanitylogin]]>
    </line>
    <line>
      <![CDATA[onTestSuccess : sanitylogin]]>
    </line>
    <line>
      <![CDATA[onTestStart : sanitylogout]]>
    </line>
    <line>
      <![CDATA[beforeInvocation : org.testng.internal.TestResult, sanitylogout]]>
    </line>
    <line>
      <![CDATA[afterInvocation : org.testng.internal.TestResult, sanitylogout]]>
    </line>
    <line>
      <![CDATA[onTestSuccess : sanitylogout]]>
    </line>
    <line>
      <![CDATA[onFinish : Run Classes]]>
    </line>
    <line>
      <![CDATA[onStart : MethodsTest]]>
    </line>
    <line>
      <![CDATA[fact]]>
    </line>
    <line>
      <![CDATA[onTestStart : fact]]>
    </line>
    <line>
      <![CDATA[beforeInvocation : org.testng.internal.TestResult, fact]]>
    </line>
    <line>
      <![CDATA[afterInvocation : org.testng.internal.TestResult, fact]]>
    </line>
    <line>
      <![CDATA[onTestSuccess : fact]]>
    </line>
    <line>
      <![CDATA[onFinish : MethodsTest]]>
    </line>
    <line>
      <![CDATA[onFinish : after suite completes]]>
    </line>
  </reporter-output>
  <suite started-at="2019-08-17T16:15:09Z" name="Smoke Test" finished-at="2019-08-17T16:15:09Z" duration-ms="93">
    <groups>
      <group name="Sanity">
        <method signature="SetOne.createProfile()[pri:0, instance:com.sidmukhe.testngtest.SetOne@4d339552]" name="createProfile" class="com.sidmukhe.testngtest.SetOne"/>
        <method signature="SetOne.sanitylogin()[pri:0, instance:com.sidmukhe.testngtest.SetOne@4d339552]" name="sanitylogin" class="com.sidmukhe.testngtest.SetOne"/>
        <method signature="SetOne.sanitylogout()[pri:0, instance:com.sidmukhe.testngtest.SetOne@4d339552]" name="sanitylogout" class="com.sidmukhe.testngtest.SetOne"/>
        <method signature="SetOne.createProfile()[pri:0, instance:com.sidmukhe.testngtest.SetOne@c540f5a]" name="createProfile" class="com.sidmukhe.testngtest.SetOne"/>
        <method signature="SetOne.sanitylogin()[pri:0, instance:com.sidmukhe.testngtest.SetOne@c540f5a]" name="sanitylogin" class="com.sidmukhe.testngtest.SetOne"/>
        <method signature="SetOne.sanitylogout()[pri:0, instance:com.sidmukhe.testngtest.SetOne@c540f5a]" name="sanitylogout" class="com.sidmukhe.testngtest.SetOne"/>
      </group> <!-- Sanity -->
      <group name="Regression">
        <method signature="SetOne.createProfile()[pri:0, instance:com.sidmukhe.testngtest.SetOne@4d339552]" name="createProfile" class="com.sidmukhe.testngtest.SetOne"/>
        <method signature="SetOne.sanitylogin()[pri:0, instance:com.sidmukhe.testngtest.SetOne@4d339552]" name="sanitylogin" class="com.sidmukhe.testngtest.SetOne"/>
        <method signature="SetOne.sanitylogout()[pri:0, instance:com.sidmukhe.testngtest.SetOne@4d339552]" name="sanitylogout" class="com.sidmukhe.testngtest.SetOne"/>
        <method signature="SetOne.createProfile()[pri:0, instance:com.sidmukhe.testngtest.SetOne@c540f5a]" name="createProfile" class="com.sidmukhe.testngtest.SetOne"/>
        <method signature="SetOne.deleteProfile()[pri:0, instance:com.sidmukhe.testngtest.SetOne@c540f5a]" name="deleteProfile" class="com.sidmukhe.testngtest.SetOne"/>
        <method signature="SetOne.editProfile()[pri:0, instance:com.sidmukhe.testngtest.SetOne@c540f5a]" name="editProfile" class="com.sidmukhe.testngtest.SetOne"/>
        <method signature="SetOne.sanitylogin()[pri:0, instance:com.sidmukhe.testngtest.SetOne@c540f5a]" name="sanitylogin" class="com.sidmukhe.testngtest.SetOne"/>
        <method signature="SetOne.sanitylogout()[pri:0, instance:com.sidmukhe.testngtest.SetOne@c540f5a]" name="sanitylogout" class="com.sidmukhe.testngtest.SetOne"/>
      </group> <!-- Regression -->
    </groups>
    <test started-at="2019-08-17T16:15:09Z" name="Sanity/Regression TESTs" finished-at="2019-08-17T16:15:09Z" duration-ms="30">
      <class name="com.sidmukhe.testngtest.SetOne">
        <test-method signature="createProfile()[pri:0, instance:com.sidmukhe.testngtest.SetOne@4d339552]" started-at="2019-08-17T21:45:09Z" name="createProfile" finished-at="2019-08-17T21:45:09Z" duration-ms="9" status="PASS">
          <reporter-output>
            <line>
              <![CDATA[afterInvocation : org.testng.internal.TestResult, createProfile]]>
            </line>
            <line>
              <![CDATA[onTestSuccess : createProfile]]>
            </line>
          </reporter-output>
        </test-method> <!-- createProfile -->
        <test-method signature="sanitylogin()[pri:0, instance:com.sidmukhe.testngtest.SetOne@4d339552]" started-at="2019-08-17T21:45:09Z" name="sanitylogin" finished-at="2019-08-17T21:45:09Z" duration-ms="1" status="PASS">
          <reporter-output>
            <line>
              <![CDATA[afterInvocation : org.testng.internal.TestResult, sanitylogin]]>
            </line>
            <line>
              <![CDATA[onTestSuccess : sanitylogin]]>
            </line>
          </reporter-output>
        </test-method> <!-- sanitylogin -->
        <test-method signature="sanitylogout()[pri:0, instance:com.sidmukhe.testngtest.SetOne@4d339552]" started-at="2019-08-17T21:45:09Z" name="sanitylogout" finished-at="2019-08-17T21:45:09Z" duration-ms="0" status="PASS">
          <reporter-output>
            <line>
              <![CDATA[afterInvocation : org.testng.internal.TestResult, sanitylogout]]>
            </line>
            <line>
              <![CDATA[onTestSuccess : sanitylogout]]>
            </line>
          </reporter-output>
        </test-method> <!-- sanitylogout -->
      </class> <!-- com.sidmukhe.testngtest.SetOne -->
    </test> <!-- Sanity/Regression TESTs -->
    <test started-at="2019-08-17T16:15:09Z" name="Run Classes" finished-at="2019-08-17T16:15:09Z" duration-ms="6">
      <class name="com.sidmukhe.testngtest.SetOne">
        <test-method signature="createProfile()[pri:0, instance:com.sidmukhe.testngtest.SetOne@c540f5a]" started-at="2019-08-17T21:45:09Z" name="createProfile" finished-at="2019-08-17T21:45:09Z" duration-ms="0" status="PASS">
          <reporter-output>
            <line>
              <![CDATA[afterInvocation : org.testng.internal.TestResult, createProfile]]>
            </line>
            <line>
              <![CDATA[onTestSuccess : createProfile]]>
            </line>
          </reporter-output>
        </test-method> <!-- createProfile -->
        <test-method signature="deleteProfile()[pri:0, instance:com.sidmukhe.testngtest.SetOne@c540f5a]" started-at="2019-08-17T21:45:09Z" name="deleteProfile" finished-at="2019-08-17T21:45:09Z" duration-ms="1" status="PASS">
          <reporter-output>
            <line>
              <![CDATA[afterInvocation : org.testng.internal.TestResult, deleteProfile]]>
            </line>
            <line>
              <![CDATA[onTestSuccess : deleteProfile]]>
            </line>
          </reporter-output>
        </test-method> <!-- deleteProfile -->
        <test-method signature="editProfile()[pri:0, instance:com.sidmukhe.testngtest.SetOne@c540f5a]" started-at="2019-08-17T21:45:09Z" name="editProfile" finished-at="2019-08-17T21:45:09Z" duration-ms="0" status="PASS">
          <reporter-output>
            <line>
              <![CDATA[afterInvocation : org.testng.internal.TestResult, editProfile]]>
            </line>
            <line>
              <![CDATA[onTestSuccess : editProfile]]>
            </line>
          </reporter-output>
        </test-method> <!-- editProfile -->
        <test-method signature="sanitylogin()[pri:0, instance:com.sidmukhe.testngtest.SetOne@c540f5a]" started-at="2019-08-17T21:45:09Z" name="sanitylogin" finished-at="2019-08-17T21:45:09Z" duration-ms="0" status="PASS">
          <reporter-output>
            <line>
              <![CDATA[afterInvocation : org.testng.internal.TestResult, sanitylogin]]>
            </line>
            <line>
              <![CDATA[onTestSuccess : sanitylogin]]>
            </line>
          </reporter-output>
        </test-method> <!-- sanitylogin -->
        <test-method signature="sanitylogout()[pri:0, instance:com.sidmukhe.testngtest.SetOne@c540f5a]" started-at="2019-08-17T21:45:09Z" name="sanitylogout" finished-at="2019-08-17T21:45:09Z" duration-ms="0" status="PASS">
          <reporter-output>
            <line>
              <![CDATA[afterInvocation : org.testng.internal.TestResult, sanitylogout]]>
            </line>
            <line>
              <![CDATA[onTestSuccess : sanitylogout]]>
            </line>
          </reporter-output>
        </test-method> <!-- sanitylogout -->
      </class> <!-- com.sidmukhe.testngtest.SetOne -->
    </test> <!-- Run Classes -->
    <test started-at="2019-08-17T16:15:09Z" name="MethodsTest" finished-at="2019-08-17T16:15:09Z" duration-ms="1">
      <class name="com.sidmukhe.testngtest.SetThree">
        <test-method signature="fact()[pri:0, instance:com.sidmukhe.testngtest.SetThree@448ff1a8]" started-at="2019-08-17T21:45:09Z" name="fact" finished-at="2019-08-17T21:45:09Z" duration-ms="1" status="PASS">
          <reporter-output>
            <line>
              <![CDATA[afterInvocation : org.testng.internal.TestResult, fact]]>
            </line>
            <line>
              <![CDATA[onTestSuccess : fact]]>
            </line>
          </reporter-output>
        </test-method> <!-- fact -->
      </class> <!-- com.sidmukhe.testngtest.SetThree -->
    </test> <!-- MethodsTest -->
  </suite> <!-- Smoke Test -->
</testng-results>
