<?xml version="1.0" encoding="UTF-8"?>
<testsuite xmlns:xsi="http://www.w3.org/2001/XMLSchema-instance" xsi:noNamespaceSchemaLocation="https://maven.apache.org/surefire/maven-surefire-plugin/xsd/surefire-test-report.xsd" name="TestSuite" time="1.219" tests="14" errors="0" skipped="0" failures="0">
  <properties>
[...]
</properties>
  <testcase name="createProfile" classname="com.sidmukhe.testngtest.SetOne" time="0.01"/>
  <testcase name="createProfile" classname="com.sidmukhe.testngtest.SetOne" time="0.001"/>
  <testcase name="sanitylogin" classname="com.sidmukhe.testngtest.SetOne" time="0.001"/>
  <testcase name="sanitylogin" classname="com.sidmukhe.testngtest.SetOne" time="0.001"/>
  <testcase name="sanitylogout" classname="com.sidmukhe.testngtest.SetOne" time="0"/>
  <testcase name="sanitylogout" classname="com.sidmukhe.testngtest.SetOne" time="0.001"/>
  <testcase name="jaggedArray" classname="com.sidmukhe.arrays.JaggedArray" time="0.002"/>
  <testcase name="test" classname="com.sidmukhe.arrays.JaggedArray" time="0"/>
  <testcase name="test" classname="com.sidmukhe.arrays.LargestNumberfromArray" time="0.001"/>
  <testcase name="test" classname="com.sidmukhe.arrays.MissingElementsArray" time="0.012"/>
  <testcase name="test" classname="com.sidmukhe.arrays.SortnReverseArray" time="0.009"/>
  <testcase name="deleteProfile" classname="com.sidmukhe.testngtest.SetOne" time="0.002"/>
  <testcase name="editProfile" classname="com.sidmukhe.testngtest.SetOne" time="0.001"/>
  <testcase name="fact" classname="com.sidmukhe.testngtest.SetThree" time="0.001"/>
</testsuite>