<?xml version="1.0" encoding="UTF-8"?>
<!-- Generated by org.testng.reporters.JUnitXMLReporter -->
<testsuite hostname="SIDMUKHE-IN" failures="0" tests="5" name="Run Classes" time="0.006" errors="0" timestamp="17 Aug 2019 16:15:09 GMT">
  <testcase classname="com.sidmukhe.testngtest.SetOne" name="createProfile" time="0.0"/>
  <testcase classname="com.sidmukhe.testngtest.SetOne" name="deleteProfile" time="0.001"/>
  <testcase classname="com.sidmukhe.testngtest.SetOne" name="editProfile" time="0.0"/>
  <testcase classname="com.sidmukhe.testngtest.SetOne" name="sanitylogin" time="0.0"/>
  <testcase classname="com.sidmukhe.testngtest.SetOne" name="sanitylogout" time="0.0"/>
</testsuite> <!-- Run Classes -->
