<?xml version="1.0" encoding="UTF-8"?>
<!-- Generated by org.testng.reporters.JUnitXMLReporter -->
<testsuite hostname="SIDMUKHE-IN" failures="0" tests="3" name="Sanity/Regression TESTs" time="0.039" errors="0" timestamp="17 Aug 2019 18:10:10 GMT">
  <testcase classname="com.sidmukhe.testngtest.SetOne" name="createProfile" time="0.009"/>
  <testcase classname="com.sidmukhe.testngtest.SetOne" name="sanitylogin" time="0.0"/>
  <testcase classname="com.sidmukhe.testngtest.SetOne" name="sanitylogout" time="0.0"/>
</testsuite> <!-- Sanity/Regression TESTs -->
