<?xml version="1.0" encoding="UTF-8"?>
<!-- Generated by org.testng.reporters.JUnitXMLReporter -->
<testsuite hostname="SIDMUKHE-IN" failures="0" tests="5" name="TESTs" time="0.007" errors="0" timestamp="17 Aug 2019 18:15:32 GMT">
  <testcase classname="com.sidmukhe.arrays.JaggedArray" name="jaggedArray" time="0.001"/>
  <testcase classname="com.sidmukhe.arrays.JaggedArray" name="test" time="0.0"/>
  <testcase classname="com.sidmukhe.arrays.LargestNumberfromArray" name="test" time="0.001"/>
  <testcase classname="com.sidmukhe.arrays.MissingElementsArray" name="test" time="0.002"/>
  <testcase classname="com.sidmukhe.arrays.SortnReverseArray" name="test" time="0.002"/>
</testsuite> <!-- TESTs -->
